Arguments: 
  /Users/facostaembrace/.nvm/versions/node/v16.14.2/bin/node /opt/homebrew/Cellar/yarn/1.22.19/libexec/bin/yarn.js init

PATH: 
  /Users/facostaembrace/.nvm/versions/node/v16.14.2/bin:/opt/homebrew/bin:/opt/homebrew/sbin:/usr/local/bin:/usr/bin:/bin:/usr/sbin:/sbin:/Users/facostaembrace/Library/Python/3.10/bin

Yarn version: 
  1.22.19

Node version: 
  16.14.2

Platform: 
  darwin arm64

Trace: 
  SyntaxError: /Users/facostaembrace/Desktop/dash-automation/package.json: Unexpected end of JSON input
      at JSON.parse (<anonymous>)
      at /opt/homebrew/Cellar/yarn/1.22.19/libexec/lib/cli.js:1629:59
      at Generator.next (<anonymous>)
      at step (/opt/homebrew/Cellar/yarn/1.22.19/libexec/lib/cli.js:310:30)
      at /opt/homebrew/Cellar/yarn/1.22.19/libexec/lib/cli.js:321:13

npm manifest: 
  

yarn manifest: 
  No manifest

Lockfile: 
  No lockfile
